  stdafx.cpp
  winMain.cpp
  utils.cpp
  txtData.cpp
c:\users\sdh00\documents\github\sga-omega\격겜\txtdata.cpp(49): warning C4018: '<': signed 또는 unsigned가 일치하지 않습니다.
c:\users\sdh00\documents\github\sga-omega\격겜\txtdata.cpp(52): warning C4018: '<': signed 또는 unsigned가 일치하지 않습니다.
c:\users\sdh00\documents\github\sga-omega\격겜\txtdata.cpp(52): warning C4996: 'strcat': This function or variable may be unsafe. Consider using strcat_s instead. To disable deprecation, use _CRT_SECURE_NO_WARNINGS. See online help for details.
  c:\program files (x86)\windows kits\10\include\10.0.10240.0\ucrt\string.h(90): note: 'strcat' 선언을 참조하십시오.
c:\users\sdh00\documents\github\sga-omega\격겜\txtdata.cpp(85): warning C4996: 'strtok': This function or variable may be unsafe. Consider using strtok_s instead. To disable deprecation, use _CRT_SECURE_NO_WARNINGS. See online help for details.
  c:\program files (x86)\windows kits\10\include\10.0.10240.0\ucrt\string.h(453): note: 'strtok' 선언을 참조하십시오.
c:\users\sdh00\documents\github\sga-omega\격겜\txtdata.cpp(88): warning C4996: 'strtok': This function or variable may be unsafe. Consider using strtok_s instead. To disable deprecation, use _CRT_SECURE_NO_WARNINGS. See online help for details.
  c:\program files (x86)\windows kits\10\include\10.0.10240.0\ucrt\string.h(453): note: 'strtok' 선언을 참조하십시오.
c:\users\sdh00\documents\github\sga-omega\격겜\txtdata.cpp(81): warning C4101: 'temp' :참조되지 않은 지역 변수입니다.
  timer.cpp
  timeManager.cpp
  soundManager.cpp
  sceneManager.cpp
  progressBar.cpp
c:\users\sdh00\documents\github\sga-omega\격겜\progressbar.cpp(22): warning C4244: '인수': 'int'에서 'float'(으)로 변환하면서 데이터가 손실될 수 있습니다.
c:\users\sdh00\documents\github\sga-omega\격겜\progressbar.cpp(23): warning C4244: '인수': 'int'에서 'float'(으)로 변환하면서 데이터가 손실될 수 있습니다.
c:\users\sdh00\documents\github\sga-omega\격겜\progressbar.cpp(25): warning C4244: '=': 'int'에서 'float'(으)로 변환하면서 데이터가 손실될 수 있습니다.
c:\users\sdh00\documents\github\sga-omega\격겜\progressbar.cpp(53): warning C4244: '인수': 'float'에서 'int'(으)로 변환하면서 데이터가 손실될 수 있습니다.
  playerManager.cpp
c:\users\sdh00\documents\github\sga-omega\격겜\playermanager.cpp(33): warning C4244: '인수': 'float'에서 'int'(으)로 변환하면서 데이터가 손실될 수 있습니다.
c:\users\sdh00\documents\github\sga-omega\격겜\playermanager.cpp(72): warning C4244: '인수': 'float'에서 'int'(으)로 변환하면서 데이터가 손실될 수 있습니다.
  pixelCollisionManager.cpp
c:\users\sdh00\documents\github\sga-omega\격겜\pixelcollisionmanager.cpp(32): warning C4244: '초기화 중': 'float'에서 'int'(으)로 변환하면서 데이터가 손실될 수 있습니다.
c:\users\sdh00\documents\github\sga-omega\격겜\pixelcollisionmanager.cpp(35): warning C4244: '인수': 'float'에서 'int'(으)로 변환하면서 데이터가 손실될 수 있습니다.
c:\users\sdh00\documents\github\sga-omega\격겜\pixelcollisionmanager.cpp(53): warning C4244: '초기화 중': 'float'에서 'int'(으)로 변환하면서 데이터가 손실될 수 있습니다.
c:\users\sdh00\documents\github\sga-omega\격겜\pixelcollisionmanager.cpp(56): warning C4244: '인수': 'float'에서 'int'(으)로 변환하면서 데이터가 손실될 수 있습니다.
c:\users\sdh00\documents\github\sga-omega\격겜\pixelcollisionmanager.cpp(73): warning C4244: '초기화 중': 'float'에서 'int'(으)로 변환하면서 데이터가 손실될 수 있습니다.
c:\users\sdh00\documents\github\sga-omega\격겜\pixelcollisionmanager.cpp(76): warning C4244: '인수': 'float'에서 'int'(으)로 변환하면서 데이터가 손실될 수 있습니다.
  mainGame.cpp
  keyManager.cpp
  keyAniManager.cpp
  imageManager.cpp
  image.cpp
c:\users\sdh00\documents\github\sga-omega\격겜\image.cpp(339): warning C4244: '인수': 'float'에서 'int'(으)로 변환하면서 데이터가 손실될 수 있습니다.
c:\users\sdh00\documents\github\sga-omega\격겜\image.cpp(345): warning C4244: '인수': 'float'에서 'int'(으)로 변환하면서 데이터가 손실될 수 있습니다.
  gameNode.cpp
c:\users\sdh00\documents\github\sga-omega\격겜\gamenode.cpp(86): warning C4244: '=': 'float'에서 'LONG'(으)로 변환하면서 데이터가 손실될 수 있습니다.
c:\users\sdh00\documents\github\sga-omega\격겜\gamenode.cpp(87): warning C4244: '=': 'float'에서 'LONG'(으)로 변환하면서 데이터가 손실될 수 있습니다.
c:\users\sdh00\documents\github\sga-omega\격겜\gamenode.cpp(79): warning C4101: 'hdc' :참조되지 않은 지역 변수입니다.
c:\users\sdh00\documents\github\sga-omega\격겜\gamenode.cpp(78): warning C4101: 'ps' :참조되지 않은 지역 변수입니다.
  effectManager.cpp
  effect.cpp
  dummy.cpp
c:\users\sdh00\documents\github\sga-omega\격겜\dummy.cpp(19): warning C4244: '인수': 'float'에서 'int'(으)로 변환하면서 데이터가 손실될 수 있습니다.
  database.cpp
c:\users\sdh00\documents\github\sga-omega\격겜\database.cpp(42): warning C4018: '<': signed 또는 unsigned가 일치하지 않습니다.
c:\users\sdh00\documents\github\sga-omega\격겜\database.cpp(74): warning C4244: '=': 'float'에서 'int'(으)로 변환하면서 데이터가 손실될 수 있습니다.
c:\users\sdh00\documents\github\sga-omega\격겜\database.cpp(80): warning C4244: '=': 'float'에서 'int'(으)로 변환하면서 데이터가 손실될 수 있습니다.
  코드를 생성하고 있습니다...
c:\users\sdh00\documents\github\sga-omega\격겜\txtdata.cpp(55): warning C4172: 지역 변수 또는 임시: str의 주소를 반환하고 있습니다.
  컴파일하고 있습니다...
  button.cpp
c:\users\sdh00\documents\github\sga-omega\격겜\button.cpp(22): warning C4244: '=': 'int'에서 'float'(으)로 변환하면서 데이터가 손실될 수 있습니다.
c:\users\sdh00\documents\github\sga-omega\격겜\button.cpp(23): warning C4244: '=': 'int'에서 'float'(으)로 변환하면서 데이터가 손실될 수 있습니다.
  bullets.cpp
c:\users\sdh00\documents\github\sga-omega\격겜\bullets.cpp(10): warning C4244: '=': 'int'에서 'float'(으)로 변환하면서 데이터가 손실될 수 있습니다.
c:\users\sdh00\documents\github\sga-omega\격겜\bullets.cpp(35): warning C4018: '<': signed 또는 unsigned가 일치하지 않습니다.
c:\users\sdh00\documents\github\sga-omega\격겜\bullets.cpp(42): warning C4244: '=': 'int'에서 'float'(으)로 변환하면서 데이터가 손실될 수 있습니다.
c:\users\sdh00\documents\github\sga-omega\격겜\bullets.cpp(45): warning C4244: '인수': 'float'에서 'int'(으)로 변환하면서 데이터가 손실될 수 있습니다.
c:\users\sdh00\documents\github\sga-omega\격겜\bullets.cpp(62): warning C4244: '인수': 'float'에서 'int'(으)로 변환하면서 데이터가 손실될 수 있습니다.
c:\users\sdh00\documents\github\sga-omega\격겜\bullets.cpp(127): warning C4018: '<': signed 또는 unsigned가 일치하지 않습니다.
c:\users\sdh00\documents\github\sga-omega\격겜\bullets.cpp(133): warning C4244: '=': 'int'에서 'float'(으)로 변환하면서 데이터가 손실될 수 있습니다.
c:\users\sdh00\documents\github\sga-omega\격겜\bullets.cpp(139): warning C4244: '인수': 'float'에서 'int'(으)로 변환하면서 데이터가 손실될 수 있습니다.
c:\users\sdh00\documents\github\sga-omega\격겜\bullets.cpp(157): warning C4244: '인수': 'float'에서 'int'(으)로 변환하면서 데이터가 손실될 수 있습니다.
c:\users\sdh00\documents\github\sga-omega\격겜\bullets.cpp(245): warning C4244: '인수': 'float'에서 'int'(으)로 변환하면서 데이터가 손실될 수 있습니다.
c:\users\sdh00\documents\github\sga-omega\격겜\bullets.cpp(259): warning C4244: '인수': 'float'에서 'int'(으)로 변환하면서 데이터가 손실될 수 있습니다.
c:\users\sdh00\documents\github\sga-omega\격겜\bullets.cpp(276): warning C4244: '=': 'int'에서 'float'(으)로 변환하면서 데이터가 손실될 수 있습니다.
c:\users\sdh00\documents\github\sga-omega\격겜\bullets.cpp(277): warning C4244: '=': 'int'에서 'float'(으)로 변환하면서 데이터가 손실될 수 있습니다.
c:\users\sdh00\documents\github\sga-omega\격겜\bullets.cpp(331): warning C4244: '인수': 'float'에서 'int'(으)로 변환하면서 데이터가 손실될 수 있습니다.
c:\users\sdh00\documents\github\sga-omega\격겜\bullets.cpp(345): warning C4244: '인수': 'float'에서 'int'(으)로 변환하면서 데이터가 손실될 수 있습니다.
  animation.cpp
  코드를 생성하고 있습니다...
  LINK : C:\Users\sdh00\Documents\GitHub\sga-omega\격겜\Debug\WinAPI.exe을(를) 찾을 수 없거나 마지막 증분 링크에 의해 빌드되지 않았습니다. 전체 링크를 수행하고 있습니다.
  WinAPI.vcxproj -> C:\Users\sdh00\Documents\GitHub\sga-omega\격겜\Debug\WinAPI.exe
  WinAPI.vcxproj -> C:\Users\sdh00\Documents\GitHub\sga-omega\격겜\Debug\WinAPI.pdb (Full PDB)
